2024-05-12 08:43:16	INFO	Property FirstName is set as user1
2024-05-12 08:43:16	INFO	Property LastName is set as lastNameUser1
2024-05-12 08:43:16	INFO	Property EmailAddress is set as user1@test.com
2024-05-12 08:43:16	INFO	Property DateAccountCreated is set as 2024-05-12
2024-05-12 08:43:16	INFO	Property FirstName is set as user2
2024-05-12 08:43:16	INFO	Property LastName is set as lastNameUser2
2024-05-12 08:43:16	INFO	Property EmailAddress is set as user2@test.com
2024-05-12 08:43:16	INFO	Property DateAccountCreated is set as 2024-05-12
2024-05-12 08:43:16	INFO	Property FirstName is set as user3
2024-05-12 08:43:16	INFO	Property LastName is set as lastNameUser3
2024-05-12 08:43:16	INFO	Property EmailAddress is set as user3@test.com
2024-05-12 08:43:16	INFO	Property DateAccountCreated is set as 2024-05-12
2024-05-12 08:43:16	INFO	Creating new User with Id 8
2024-05-12 08:43:16	INFO	Creating new User with Id 9
2024-05-12 08:43:16	INFO	Creating new User with Id 10
2024-05-12 08:43:16	DEBUG	Showing User Details
2024-05-12 08:43:16	DEBUG	Showing User Details
2024-05-12 08:43:16	DEBUG	Showing User Details
2024-05-12 08:43:16	ERROR	Property ErrorLogMessage doesnt exist
2024-05-12 08:43:16	ERROR	Property ErrorLogMessage doesnt exist
2024-05-12 08:43:16	INFO	Property Password is set as JAJAJAJA
2024-05-12 08:43:16	INFO	Property Password is set as Password123
2024-05-12 08:43:16	INFO	Property Password is set as 123456
2024-05-12 08:43:16	INFO	Updating new User with Id 8
2024-05-12 08:43:16	INFO	Updating new User with Id 9
2024-05-12 08:43:16	INFO	Updating new User with Id 10
2024-05-12 08:43:16	INFO	Found user with Id 8
2024-05-12 08:43:16	INFO	Found user with Id 9
2024-05-12 08:43:16	INFO	Found user with Id 10
2024-05-12 08:43:16	DEBUG	Showing User Details
2024-05-12 08:43:16	DEBUG	Showing User Details
2024-05-12 08:43:16	DEBUG	Showing User Details
2024-05-12 08:43:16	DEBUG	Marking user for deletion
2024-05-12 08:43:16	WARNING	This action cannot be reverted after unset is triggered8
2024-05-12 08:43:16	DEBUG	Marking user for deletion
2024-05-12 08:43:16	WARNING	This action cannot be reverted after unset is triggered9
